(272115, 3)
(14541, 474, 14541)
Epoch: 1
Epoch: 2
Epoch: 3
Epoch: 4
Epoch: 5
	 TRAIN:  {'MRR': 0.6259149014949799, 'hits@[1,3,10]': tensor([0.5148, 0.6996, 0.8272])}
	 VALID:  {'MRR': 0.35569970309734344, 'hits@[1,3,10]': tensor([0.2631, 0.3927, 0.5404])}
Epoch: 6
Epoch: 7
Epoch: 8
Epoch: 9
Epoch: 10
	 TRAIN:  {'MRR': 0.6656458377838135, 'hits@[1,3,10]': tensor([0.5622, 0.7353, 0.8502])}
	 VALID:  {'MRR': 0.3600659519433975, 'hits@[1,3,10]': tensor([0.2670, 0.3960, 0.5478])}
Epoch: 11
Epoch: 12
Epoch: 13
Epoch: 14
Epoch: 15
	 TRAIN:  {'MRR': 0.6860541105270386, 'hits@[1,3,10]': tensor([0.5878, 0.7530, 0.8601])}
	 VALID:  {'MRR': 0.36307311058044434, 'hits@[1,3,10]': tensor([0.2703, 0.3977, 0.5496])}
Epoch: 16
Epoch: 17
Epoch: 18
Epoch: 19
Epoch: 20
	 TRAIN:  {'MRR': 0.6927775740623474, 'hits@[1,3,10]': tensor([0.5968, 0.7577, 0.8626])}
	 VALID:  {'MRR': 0.36485569179058075, 'hits@[1,3,10]': tensor([0.2725, 0.3991, 0.5520])}
Epoch: 21
Epoch: 22
Epoch: 23
Epoch: 24
Epoch: 25
	 TRAIN:  {'MRR': 0.6994320154190063, 'hits@[1,3,10]': tensor([0.6048, 0.7628, 0.8677])}
	 VALID:  {'MRR': 0.36509592831134796, 'hits@[1,3,10]': tensor([0.2722, 0.3997, 0.5518])}
Epoch: 26
Epoch: 27
Epoch: 28
Epoch: 29
Epoch: 30
	 TRAIN:  {'MRR': 0.7037146985530853, 'hits@[1,3,10]': tensor([0.6091, 0.7678, 0.8702])}
	 VALID:  {'MRR': 0.3663150817155838, 'hits@[1,3,10]': tensor([0.2738, 0.4013, 0.5521])}
Epoch: 31
Epoch: 32
Epoch: 33
Epoch: 34
Epoch: 35
	 TRAIN:  {'MRR': 0.7071913778781891, 'hits@[1,3,10]': tensor([0.6136, 0.7711, 0.8732])}
	 VALID:  {'MRR': 0.36630530655384064, 'hits@[1,3,10]': tensor([0.2736, 0.4003, 0.5536])}
Epoch: 36
Epoch: 37
Epoch: 38
Epoch: 39
Epoch: 40
	 TRAIN:  {'MRR': 0.7088661193847656, 'hits@[1,3,10]': tensor([0.6160, 0.7727, 0.8727])}
	 VALID:  {'MRR': 0.3662564158439636, 'hits@[1,3,10]': tensor([0.2737, 0.4009, 0.5536])}
Epoch: 41
Epoch: 42
Epoch: 43
Epoch: 44
Epoch: 45
	 TRAIN:  {'MRR': 0.7141008675098419, 'hits@[1,3,10]': tensor([0.6230, 0.7753, 0.8762])}
	 VALID:  {'MRR': 0.3669085204601288, 'hits@[1,3,10]': tensor([0.2751, 0.3999, 0.5537])}
Epoch: 46
Epoch: 47
Epoch: 48
Epoch: 49
Epoch: 50
	 TRAIN:  {'MRR': 0.7152213156223297, 'hits@[1,3,10]': tensor([0.6243, 0.7765, 0.8779])}
	 VALID:  {'MRR': 0.3671143651008606, 'hits@[1,3,10]': tensor([0.2744, 0.4021, 0.5538])}
Epoch: 51
Epoch: 52
Epoch: 53
Epoch: 54
Epoch: 55
	 TRAIN:  {'MRR': 0.716326504945755, 'hits@[1,3,10]': tensor([0.6256, 0.7766, 0.8779])}
	 VALID:  {'MRR': 0.36770498752593994, 'hits@[1,3,10]': tensor([0.2755, 0.4018, 0.5545])}
Epoch: 56
Epoch: 57
Epoch: 58
Epoch: 59
Epoch: 60
	 TRAIN:  {'MRR': 0.7168121635913849, 'hits@[1,3,10]': tensor([0.6249, 0.7795, 0.8788])}
	 VALID:  {'MRR': 0.3680049031972885, 'hits@[1,3,10]': tensor([0.2756, 0.4019, 0.5537])}
Epoch: 61
Epoch: 62
Epoch: 63
Epoch: 64
Epoch: 65
	 TRAIN:  {'MRR': 0.7188259661197662, 'hits@[1,3,10]': tensor([0.6279, 0.7806, 0.8791])}
	 VALID:  {'MRR': 0.3676021099090576, 'hits@[1,3,10]': tensor([0.2749, 0.4014, 0.5538])}
Epoch: 66
Epoch: 67
Epoch: 68
Epoch: 69
Epoch: 70
	 TRAIN:  {'MRR': 0.7212128639221191, 'hits@[1,3,10]': tensor([0.6311, 0.7822, 0.8812])}
	 VALID:  {'MRR': 0.36776453256607056, 'hits@[1,3,10]': tensor([0.2754, 0.4018, 0.5547])}
Epoch: 71
Epoch: 72
Epoch: 73
Epoch: 74
Epoch: 75
	 TRAIN:  {'MRR': 0.7213848531246185, 'hits@[1,3,10]': tensor([0.6312, 0.7822, 0.8816])}
	 VALID:  {'MRR': 0.36850138008594513, 'hits@[1,3,10]': tensor([0.2763, 0.4020, 0.5550])}
Epoch: 76
Epoch: 77
Epoch: 78
Epoch: 79
Epoch: 80
	 TRAIN:  {'MRR': 0.723303496837616, 'hits@[1,3,10]': tensor([0.6333, 0.7839, 0.8817])}
	 VALID:  {'MRR': 0.36889027059078217, 'hits@[1,3,10]': tensor([0.2767, 0.4030, 0.5555])}
Epoch: 81
Epoch: 82
Epoch: 83
Epoch: 84
Epoch: 85
	 TRAIN:  {'MRR': 0.7219573259353638, 'hits@[1,3,10]': tensor([0.6321, 0.7824, 0.8812])}
	 VALID:  {'MRR': 0.3688823729753494, 'hits@[1,3,10]': tensor([0.2766, 0.4029, 0.5545])}
Epoch: 86
Epoch: 87
Epoch: 88
Epoch: 89
Epoch: 90
	 TRAIN:  {'MRR': 0.7240374386310577, 'hits@[1,3,10]': tensor([0.6344, 0.7848, 0.8827])}
	 VALID:  {'MRR': 0.3689059317111969, 'hits@[1,3,10]': tensor([0.2768, 0.4036, 0.5559])}
Epoch: 91
Epoch: 92
Epoch: 93
Epoch: 94
Epoch: 95
	 TRAIN:  {'MRR': 0.725839376449585, 'hits@[1,3,10]': tensor([0.6368, 0.7856, 0.8845])}
	 VALID:  {'MRR': 0.3693581074476242, 'hits@[1,3,10]': tensor([0.2778, 0.4033, 0.5547])}
Epoch: 96
Epoch: 97
Epoch: 98
Epoch: 99
Epoch: 100
	 TRAIN:  {'MRR': 0.7260347008705139, 'hits@[1,3,10]': tensor([0.6375, 0.7858, 0.8830])}
	 VALID:  {'MRR': 0.36859121918678284, 'hits@[1,3,10]': tensor([0.2763, 0.4029, 0.5554])}
Epoch: 101
Epoch: 102
Epoch: 103
Epoch: 104
Epoch: 105
	 TRAIN:  {'MRR': 0.7249772548675537, 'hits@[1,3,10]': tensor([0.6359, 0.7856, 0.8839])}
	 VALID:  {'MRR': 0.36847542226314545, 'hits@[1,3,10]': tensor([0.2757, 0.4037, 0.5555])}
Epoch: 106
Epoch: 107
Epoch: 108
Epoch: 109
Epoch: 110
	 TRAIN:  {'MRR': 0.7267185747623444, 'hits@[1,3,10]': tensor([0.6377, 0.7871, 0.8853])}
	 VALID:  {'MRR': 0.36904481053352356, 'hits@[1,3,10]': tensor([0.2766, 0.4026, 0.5551])}
Epoch: 111
Epoch: 112
Epoch: 113
Epoch: 114
Epoch: 115
	 TRAIN:  {'MRR': 0.7267336249351501, 'hits@[1,3,10]': tensor([0.6380, 0.7862, 0.8845])}
	 VALID:  {'MRR': 0.3690437376499176, 'hits@[1,3,10]': tensor([0.2769, 0.4029, 0.5553])}
Epoch: 116
Epoch: 117
Epoch: 118
Epoch: 119
Epoch: 120
	 TRAIN:  {'MRR': 0.7277063727378845, 'hits@[1,3,10]': tensor([0.6390, 0.7882, 0.8846])}
	 VALID:  {'MRR': 0.36938977241516113, 'hits@[1,3,10]': tensor([0.2772, 0.4035, 0.5558])}
Epoch: 121
Epoch: 122
Epoch: 123
Epoch: 124
Epoch: 125
	 TRAIN:  {'MRR': 0.7287237346172333, 'hits@[1,3,10]': tensor([0.6407, 0.7885, 0.8856])}
	 VALID:  {'MRR': 0.36923472583293915, 'hits@[1,3,10]': tensor([0.2770, 0.4032, 0.5548])}
Epoch: 126
Epoch: 127
Epoch: 128
Epoch: 129
Epoch: 130
	 TRAIN:  {'MRR': 0.7283976674079895, 'hits@[1,3,10]': tensor([0.6404, 0.7873, 0.8840])}
	 VALID:  {'MRR': 0.36906827986240387, 'hits@[1,3,10]': tensor([0.2770, 0.4031, 0.5559])}
Epoch: 131
Epoch: 132
Epoch: 133
Epoch: 134
Epoch: 135
	 TRAIN:  {'MRR': 0.7291387915611267, 'hits@[1,3,10]': tensor([0.6415, 0.7884, 0.8849])}
	 VALID:  {'MRR': 0.36921264231204987, 'hits@[1,3,10]': tensor([0.2769, 0.4039, 0.5551])}
Epoch: 136
Epoch: 137
Epoch: 138
Epoch: 139
Epoch: 140
	 TRAIN:  {'MRR': 0.7282908856868744, 'hits@[1,3,10]': tensor([0.6407, 0.7868, 0.8841])}
	 VALID:  {'MRR': 0.36931681632995605, 'hits@[1,3,10]': tensor([0.2770, 0.4039, 0.5556])}
Epoch: 141
Epoch: 142
Epoch: 143
Epoch: 144
Epoch: 145
	 TRAIN:  {'MRR': 0.7308832108974457, 'hits@[1,3,10]': tensor([0.6436, 0.7891, 0.8865])}
	 VALID:  {'MRR': 0.3690907657146454, 'hits@[1,3,10]': tensor([0.2770, 0.4032, 0.5552])}
Epoch: 146
Epoch: 147
Epoch: 148
Epoch: 149
Epoch: 150
	 TRAIN:  {'MRR': 0.7302285730838776, 'hits@[1,3,10]': tensor([0.6428, 0.7892, 0.8845])}
	 VALID:  {'MRR': 0.36938050389289856, 'hits@[1,3,10]': tensor([0.2770, 0.4030, 0.5549])}
Epoch: 151
Epoch: 152
Epoch: 153
Epoch: 154
Epoch: 155
	 TRAIN:  {'MRR': 0.7288230657577515, 'hits@[1,3,10]': tensor([0.6407, 0.7879, 0.8848])}
	 VALID:  {'MRR': 0.36891990900039673, 'hits@[1,3,10]': tensor([0.2763, 0.4037, 0.5558])}
Epoch: 156
Epoch: 157
Epoch: 158
Epoch: 159
Epoch: 160
	 TRAIN:  {'MRR': 0.7298398911952972, 'hits@[1,3,10]': tensor([0.6415, 0.7904, 0.8856])}
	 VALID:  {'MRR': 0.3694860339164734, 'hits@[1,3,10]': tensor([0.2773, 0.4038, 0.5554])}
Epoch: 161
Epoch: 162
Epoch: 163
Epoch: 164
Epoch: 165
	 TRAIN:  {'MRR': 0.7310332655906677, 'hits@[1,3,10]': tensor([0.6434, 0.7903, 0.8861])}
	 VALID:  {'MRR': 0.36960579454898834, 'hits@[1,3,10]': tensor([0.2772, 0.4041, 0.5553])}
Epoch: 166
Epoch: 167
Epoch: 168
Epoch: 169
Epoch: 170
	 TRAIN:  {'MRR': 0.731889545917511, 'hits@[1,3,10]': tensor([0.6437, 0.7930, 0.8875])}
	 VALID:  {'MRR': 0.36950257420539856, 'hits@[1,3,10]': tensor([0.2771, 0.4036, 0.5555])}
Epoch: 171
Epoch: 172
Epoch: 173
Epoch: 174
Epoch: 175
	 TRAIN:  {'MRR': 0.7332414984703064, 'hits@[1,3,10]': tensor([0.6464, 0.7920, 0.8868])}
	 VALID:  {'MRR': 0.369350790977478, 'hits@[1,3,10]': tensor([0.2772, 0.4037, 0.5556])}
Epoch: 176
Epoch: 177
Epoch: 178
Epoch: 179
Epoch: 180
	 TRAIN:  {'MRR': 0.7309852242469788, 'hits@[1,3,10]': tensor([0.6442, 0.7895, 0.8849])}
	 VALID:  {'MRR': 0.36973509192466736, 'hits@[1,3,10]': tensor([0.2774, 0.4043, 0.5554])}
Epoch: 181
Epoch: 182
Epoch: 183
Epoch: 184
Epoch: 185
	 TRAIN:  {'MRR': 0.732671320438385, 'hits@[1,3,10]': tensor([0.6455, 0.7913, 0.8873])}
	 VALID:  {'MRR': 0.36972834169864655, 'hits@[1,3,10]': tensor([0.2774, 0.4041, 0.5561])}
Epoch: 186
Epoch: 187
Epoch: 188
Epoch: 189
Epoch: 190
	 TRAIN:  {'MRR': 0.7323367893695831, 'hits@[1,3,10]': tensor([0.6456, 0.7908, 0.8859])}
	 VALID:  {'MRR': 0.3696703314781189, 'hits@[1,3,10]': tensor([0.2771, 0.4043, 0.5555])}
Epoch: 191
Epoch: 192
Epoch: 193
Epoch: 194
Epoch: 195
	 TRAIN:  {'MRR': 0.7316274344921112, 'hits@[1,3,10]': tensor([0.6439, 0.7904, 0.8882])}
	 VALID:  {'MRR': 0.36944983899593353, 'hits@[1,3,10]': tensor([0.2768, 0.4040, 0.5560])}
Epoch: 196
Epoch: 197
Epoch: 198
Epoch: 199
Epoch: 200
	 TRAIN:  {'MRR': 0.7338483333587646, 'hits@[1,3,10]': tensor([0.6474, 0.7920, 0.8868])}
	 VALID:  {'MRR': 0.36969876289367676, 'hits@[1,3,10]': tensor([0.2771, 0.4039, 0.5563])}
	 TEST :  {'MRR': 0.3634133040904999, 'hits@[1,3,10]': tensor([0.2690, 0.3985, 0.5532])}
