Train set:	 (86835, 3)
All triplets:	 (40943, 22, 40943)
Epoch: 1
Epoch: 2
Epoch: 3
Epoch: 4
Epoch: 5
	 TRAIN:  {'MRR': 0.9951107800006866, 'hits@[1,3,10]': tensor([0.9930, 0.9970, 0.9981])}
	 VALID:  {'MRR': 0.40951311588287354, 'hits@[1,3,10]': tensor([0.3919, 0.4151, 0.4395])}
Epoch: 6
Epoch: 7
Epoch: 8
Epoch: 9
Epoch: 10
	 TRAIN:  {'MRR': 0.9993273019790649, 'hits@[1,3,10]': tensor([0.9990, 0.9996, 0.9997])}
	 VALID:  {'MRR': 0.42235730588436127, 'hits@[1,3,10]': tensor([0.4039, 0.4273, 0.4570])}
Epoch: 11
Epoch: 12
Epoch: 13
Epoch: 14
Epoch: 15
	 TRAIN:  {'MRR': 0.9998006224632263, 'hits@[1,3,10]': tensor([0.9997, 0.9999, 0.9999])}
	 VALID:  {'MRR': 0.42679397761821747, 'hits@[1,3,10]': tensor([0.4074, 0.4329, 0.4611])}
Epoch: 16
Epoch: 17
Epoch: 18
Epoch: 19
Epoch: 20
	 TRAIN:  {'MRR': 0.9999420642852783, 'hits@[1,3,10]': tensor([0.9999, 1.0000, 1.0000])}
	 VALID:  {'MRR': 0.42918266355991364, 'hits@[1,3,10]': tensor([0.4097, 0.4359, 0.4651])}
Epoch: 21
Epoch: 22
Epoch: 23
Epoch: 24
Epoch: 25
	 TRAIN:  {'MRR': 0.9999465644359589, 'hits@[1,3,10]': tensor([0.9999, 0.9999, 1.0000])}
	 VALID:  {'MRR': 0.43115341663360596, 'hits@[1,3,10]': tensor([0.4105, 0.4384, 0.4670])}
Epoch: 26
Epoch: 27
Epoch: 28
Epoch: 29
Epoch: 30
	 TRAIN:  {'MRR': 0.9999626278877258, 'hits@[1,3,10]': tensor([0.9999, 1.0000, 1.0000])}
	 VALID:  {'MRR': 0.43388693034648895, 'hits@[1,3,10]': tensor([0.4146, 0.4384, 0.4697])}
Epoch: 31
Epoch: 32
Epoch: 33
Epoch: 34
Epoch: 35
	 TRAIN:  {'MRR': 0.9999727010726929, 'hits@[1,3,10]': tensor([1.0000, 1.0000, 1.0000])}
	 VALID:  {'MRR': 0.43263229727745056, 'hits@[1,3,10]': tensor([0.4123, 0.4385, 0.4717])}
Epoch: 36
Epoch: 37
Epoch: 38
Epoch: 39
Epoch: 40
	 TRAIN:  {'MRR': 0.9999834895133972, 'hits@[1,3,10]': tensor([1.0000, 1.0000, 1.0000])}
	 VALID:  {'MRR': 0.43483059108257294, 'hits@[1,3,10]': tensor([0.4146, 0.4420, 0.4721])}
Epoch: 41
Epoch: 42
Epoch: 43
Epoch: 44
Epoch: 45
	 TRAIN:  {'MRR': 0.9999785125255585, 'hits@[1,3,10]': tensor([1.0000, 1.0000, 1.0000])}
	 VALID:  {'MRR': 0.4356231242418289, 'hits@[1,3,10]': tensor([0.4153, 0.4412, 0.4745])}
Epoch: 46
Epoch: 47
Epoch: 48
Epoch: 49
Epoch: 50
	 TRAIN:  {'MRR': 0.9999836385250092, 'hits@[1,3,10]': tensor([1.0000, 1.0000, 1.0000])}
	 VALID:  {'MRR': 0.4363950192928314, 'hits@[1,3,10]': tensor([0.4160, 0.4425, 0.4753])}
	 TEST :  {'MRR': 0.44216085970401764, 'hits@[1,3,10]': tensor([0.4196, 0.4501, 0.4855])}
