(86835, 3)
(40943, 22, 40943)
Epoch: 1
Epoch: 2
Epoch: 3
Epoch: 4
Epoch: 5
	 TRAIN:  {'MRR': 0.8567187786102295, 'hits@[1,3,10]': tensor([0.7719, 0.9316, 0.9811])}
	 VALID:  {'MRR': 0.4020708352327347, 'hits@[1,3,10]': tensor([0.3350, 0.4394, 0.5181])}
Epoch: 6
Epoch: 7
Epoch: 8
Epoch: 9
Epoch: 10
	 TRAIN:  {'MRR': 0.9590639472007751, 'hits@[1,3,10]': tensor([0.9255, 0.9922, 0.9981])}
	 VALID:  {'MRR': 0.45908382534980774, 'hits@[1,3,10]': tensor([0.4138, 0.4746, 0.5453])}
Epoch: 11
Epoch: 12
Epoch: 13
Epoch: 14
Epoch: 15
	 TRAIN:  {'MRR': 0.9822215735912323, 'hits@[1,3,10]': tensor([0.9672, 0.9974, 0.9993])}
	 VALID:  {'MRR': 0.46965089440345764, 'hits@[1,3,10]': tensor([0.4273, 0.4822, 0.5532])}
Epoch: 16
Epoch: 17
Epoch: 18
Epoch: 19
Epoch: 20
	 TRAIN:  {'MRR': 0.9903348088264465, 'hits@[1,3,10]': tensor([0.9822, 0.9985, 0.9995])}
	 VALID:  {'MRR': 0.4747735559940338, 'hits@[1,3,10]': tensor([0.4339, 0.4857, 0.5578])}
Epoch: 21
Epoch: 22
Epoch: 23
Epoch: 24
Epoch: 25
	 TRAIN:  {'MRR': 0.994058221578598, 'hits@[1,3,10]': tensor([0.9891, 0.9990, 0.9996])}
	 VALID:  {'MRR': 0.4769863039255142, 'hits@[1,3,10]': tensor([0.4362, 0.4880, 0.5583])}
Epoch: 26
Epoch: 27
Epoch: 28
Epoch: 29
Epoch: 30
	 TRAIN:  {'MRR': 0.9960141479969025, 'hits@[1,3,10]': tensor([0.9928, 0.9992, 0.9997])}
	 VALID:  {'MRR': 0.4788605272769928, 'hits@[1,3,10]': tensor([0.4389, 0.4891, 0.5588])}
Epoch: 31
Epoch: 32
Epoch: 33
Epoch: 34
Epoch: 35
	 TRAIN:  {'MRR': 0.9967667162418365, 'hits@[1,3,10]': tensor([0.9942, 0.9993, 0.9998])}
	 VALID:  {'MRR': 0.4808773547410965, 'hits@[1,3,10]': tensor([0.4417, 0.4916, 0.5590])}
Epoch: 36
Epoch: 37
Epoch: 38
Epoch: 39
Epoch: 40
	 TRAIN:  {'MRR': 0.9974959790706635, 'hits@[1,3,10]': tensor([0.9955, 0.9995, 0.9998])}
	 VALID:  {'MRR': 0.48145435750484467, 'hits@[1,3,10]': tensor([0.4426, 0.4906, 0.5585])}
Epoch: 41
Epoch: 42
Epoch: 43
Epoch: 44
Epoch: 45
	 TRAIN:  {'MRR': 0.9979550838470459, 'hits@[1,3,10]': tensor([0.9963, 0.9996, 0.9998])}
	 VALID:  {'MRR': 0.48274074494838715, 'hits@[1,3,10]': tensor([0.4440, 0.4931, 0.5587])}
Epoch: 46
Epoch: 47
Epoch: 48
Epoch: 49
Epoch: 50
	 TRAIN:  {'MRR': 0.9982917308807373, 'hits@[1,3,10]': tensor([0.9970, 0.9996, 0.9998])}
	 VALID:  {'MRR': 0.4825877696275711, 'hits@[1,3,10]': tensor([0.4433, 0.4936, 0.5603])}
	 TEST :  {'MRR': 0.48316965997219086, 'hits@[1,3,10]': tensor([0.4399, 0.4992, 0.5672])}
