(1079040, 3)
(123188, 74, 123188)
Epoch: 1
Epoch: 2
Epoch: 3
Epoch: 4
Epoch: 5
	 TRAIN:  {'MRR': 0.932924211025238, 'hits@[1,3,10]': tensor([0.9045, 0.9558, 0.9781])}
	 VALID:  {'MRR': 0.4925597161054611, 'hits@[1,3,10]': tensor([0.4092, 0.5348, 0.6525])}
Epoch: 6
Epoch: 7
Epoch: 8
Epoch: 9
Epoch: 10
	 TRAIN:  {'MRR': 0.9811635911464691, 'hits@[1,3,10]': tensor([0.9656, 0.9966, 0.9995])}
	 VALID:  {'MRR': 0.5385797619819641, 'hits@[1,3,10]': tensor([0.4585, 0.5847, 0.6853])}
Epoch: 11
Epoch: 12
Epoch: 13
Epoch: 14
Epoch: 15
	 TRAIN:  {'MRR': 0.9935085475444794, 'hits@[1,3,10]': tensor([0.9877, 0.9994, 0.9998])}
	 VALID:  {'MRR': 0.5582256466150284, 'hits@[1,3,10]': tensor([0.4833, 0.6033, 0.6917])}
Epoch: 16
Epoch: 17
Epoch: 18
Epoch: 19
Epoch: 20
	 TRAIN:  {'MRR': 0.9958338141441345, 'hits@[1,3,10]': tensor([0.9919, 0.9997, 0.9999])}
	 VALID:  {'MRR': 0.5640615224838257, 'hits@[1,3,10]': tensor([0.4908, 0.6085, 0.6939])}
Epoch: 21
Epoch: 22
Epoch: 23
Epoch: 24
Epoch: 25
	 TRAIN:  {'MRR': 0.995817095041275, 'hits@[1,3,10]': tensor([0.9919, 0.9998, 0.9998])}
	 VALID:  {'MRR': 0.5679420232772827, 'hits@[1,3,10]': tensor([0.4946, 0.6142, 0.6965])}
Epoch: 26
Epoch: 27
Epoch: 28
Epoch: 29
Epoch: 30
	 TRAIN:  {'MRR': 0.9969006180763245, 'hits@[1,3,10]': tensor([0.9939, 0.9999, 0.9999])}
	 VALID:  {'MRR': 0.5700745731592178, 'hits@[1,3,10]': tensor([0.4989, 0.6135, 0.6966])}
Epoch: 31
Epoch: 32
Epoch: 33
Epoch: 34
Epoch: 35
	 TRAIN:  {'MRR': 0.997122585773468, 'hits@[1,3,10]': tensor([0.9943, 0.9999, 1.0000])}
	 VALID:  {'MRR': 0.5720954388380051, 'hits@[1,3,10]': tensor([0.5017, 0.6151, 0.6980])}
Epoch: 36
Epoch: 37
Epoch: 38
Epoch: 39
Epoch: 40
	 TRAIN:  {'MRR': 0.9971509277820587, 'hits@[1,3,10]': tensor([0.9944, 0.9999, 1.0000])}
	 VALID:  {'MRR': 0.5712516903877258, 'hits@[1,3,10]': tensor([0.4994, 0.6160, 0.6971])}
Epoch: 41
Epoch: 42
Epoch: 43
Epoch: 44
Epoch: 45
	 TRAIN:  {'MRR': 0.9973790049552917, 'hits@[1,3,10]': tensor([0.9948, 0.9999, 1.0000])}
	 VALID:  {'MRR': 0.5741907060146332, 'hits@[1,3,10]': tensor([0.5039, 0.6169, 0.6974])}
Epoch: 46
Epoch: 47
Epoch: 48
Epoch: 49
Epoch: 50
	 TRAIN:  {'MRR': 0.997654527425766, 'hits@[1,3,10]': tensor([0.9954, 0.9999, 0.9999])}
	 VALID:  {'MRR': 0.5739944279193878, 'hits@[1,3,10]': tensor([0.5042, 0.6173, 0.6978])}
Epoch: 51
Epoch: 52
Epoch: 53
Epoch: 54
Epoch: 55
	 TRAIN:  {'MRR': 0.997324526309967, 'hits@[1,3,10]': tensor([0.9947, 0.9999, 0.9999])}
	 VALID:  {'MRR': 0.5757828652858734, 'hits@[1,3,10]': tensor([0.5067, 0.6186, 0.6983])}
Epoch: 56
Epoch: 57
Epoch: 58
Epoch: 59
Epoch: 60
	 TRAIN:  {'MRR': 0.997712641954422, 'hits@[1,3,10]': tensor([0.9955, 0.9999, 1.0000])}
	 VALID:  {'MRR': 0.5753708928823471, 'hits@[1,3,10]': tensor([0.5067, 0.6167, 0.6995])}
Epoch: 61
Epoch: 62
Epoch: 63
Epoch: 64
Epoch: 65
	 TRAIN:  {'MRR': 0.9978141486644745, 'hits@[1,3,10]': tensor([0.9957, 0.9999, 0.9999])}
	 VALID:  {'MRR': 0.5753681361675262, 'hits@[1,3,10]': tensor([0.5068, 0.6158, 0.6988])}
Epoch: 66
Epoch: 67
Epoch: 68
Epoch: 69
Epoch: 70
	 TRAIN:  {'MRR': 0.9979212582111359, 'hits@[1,3,10]': tensor([0.9959, 0.9999, 1.0000])}
	 VALID:  {'MRR': 0.576517716050148, 'hits@[1,3,10]': tensor([0.5080, 0.6191, 0.6980])}
Epoch: 71
Epoch: 72
Epoch: 73
Epoch: 74
Epoch: 75
	 TRAIN:  {'MRR': 0.9981695711612701, 'hits@[1,3,10]': tensor([0.9964, 0.9999, 1.0000])}
	 VALID:  {'MRR': 0.5770388543605804, 'hits@[1,3,10]': tensor([0.5091, 0.6177, 0.6979])}
Epoch: 76
Epoch: 77
Epoch: 78
Epoch: 79
Epoch: 80
	 TRAIN:  {'MRR': 0.9980489909648895, 'hits@[1,3,10]': tensor([0.9962, 0.9999, 0.9999])}
	 VALID:  {'MRR': 0.5767463743686676, 'hits@[1,3,10]': tensor([0.5085, 0.6174, 0.6981])}
Epoch: 81
Epoch: 82
Epoch: 83
Epoch: 84
Epoch: 85
	 TRAIN:  {'MRR': 0.9980682730674744, 'hits@[1,3,10]': tensor([0.9962, 0.9999, 1.0000])}
	 VALID:  {'MRR': 0.5766704231500626, 'hits@[1,3,10]': tensor([0.5084, 0.6166, 0.6986])}
Epoch: 86
Epoch: 87
Epoch: 88
Epoch: 89
Epoch: 90
	 TRAIN:  {'MRR': 0.9983264803886414, 'hits@[1,3,10]': tensor([0.9967, 0.9999, 1.0000])}
	 VALID:  {'MRR': 0.5770131945610046, 'hits@[1,3,10]': tensor([0.5088, 0.6165, 0.6983])}
Epoch: 91
Epoch: 92
Epoch: 93
Epoch: 94
Epoch: 95
	 TRAIN:  {'MRR': 0.9982474148273468, 'hits@[1,3,10]': tensor([0.9966, 0.9999, 0.9999])}
	 VALID:  {'MRR': 0.5767212361097336, 'hits@[1,3,10]': tensor([0.5089, 0.6164, 0.6993])}
Epoch: 96
Epoch: 97
Epoch: 98
Epoch: 99
Epoch: 100
	 TRAIN:  {'MRR': 0.9982527792453766, 'hits@[1,3,10]': tensor([0.9965, 1.0000, 1.0000])}
	 VALID:  {'MRR': 0.5776625126600266, 'hits@[1,3,10]': tensor([0.5104, 0.6164, 0.6984])}
Epoch: 101
Epoch: 102
Epoch: 103
Epoch: 104
Epoch: 105
	 TRAIN:  {'MRR': 0.9985910952091217, 'hits@[1,3,10]': tensor([0.9972, 1.0000, 1.0000])}
	 VALID:  {'MRR': 0.5771536529064178, 'hits@[1,3,10]': tensor([0.5096, 0.6165, 0.6983])}
Epoch: 106
Epoch: 107
Epoch: 108
Epoch: 109
Epoch: 110
	 TRAIN:  {'MRR': 0.9983786642551422, 'hits@[1,3,10]': tensor([0.9968, 1.0000, 1.0000])}
	 VALID:  {'MRR': 0.5769754499197006, 'hits@[1,3,10]': tensor([0.5085, 0.6169, 0.6999])}
Epoch: 111
Epoch: 112
Epoch: 113
Epoch: 114
Epoch: 115
	 TRAIN:  {'MRR': 0.9985061585903168, 'hits@[1,3,10]': tensor([0.9970, 1.0000, 1.0000])}
	 VALID:  {'MRR': 0.5771681517362595, 'hits@[1,3,10]': tensor([0.5091, 0.6158, 0.6983])}
Epoch: 116
Epoch: 117
Epoch: 118
Epoch: 119
Epoch: 120
	 TRAIN:  {'MRR': 0.998585969209671, 'hits@[1,3,10]': tensor([0.9972, 0.9999, 0.9999])}
	 VALID:  {'MRR': 0.5767795890569687, 'hits@[1,3,10]': tensor([0.5090, 0.6156, 0.6987])}
Epoch: 121
Epoch: 122
Epoch: 123
Epoch: 124
Epoch: 125
	 TRAIN:  {'MRR': 0.9985072016716003, 'hits@[1,3,10]': tensor([0.9971, 0.9999, 0.9999])}
	 VALID:  {'MRR': 0.5769643187522888, 'hits@[1,3,10]': tensor([0.5093, 0.6153, 0.6982])}
Epoch: 126
Epoch: 127
Epoch: 128
Epoch: 129
Epoch: 130
	 TRAIN:  {'MRR': 0.998612642288208, 'hits@[1,3,10]': tensor([0.9973, 1.0000, 1.0000])}
	 VALID:  {'MRR': 0.5770280808210373, 'hits@[1,3,10]': tensor([0.5093, 0.6155, 0.6988])}
Epoch: 131
Epoch: 132
Epoch: 133
Epoch: 134
Epoch: 135
	 TRAIN:  {'MRR': 0.9987256824970245, 'hits@[1,3,10]': tensor([0.9975, 1.0000, 1.0000])}
	 VALID:  {'MRR': 0.57685586810112, 'hits@[1,3,10]': tensor([0.5088, 0.6158, 0.6979])}
Epoch: 136
Epoch: 137
Epoch: 138
Epoch: 139
Epoch: 140
	 TRAIN:  {'MRR': 0.9986068606376648, 'hits@[1,3,10]': tensor([0.9972, 1.0000, 1.0000])}
	 VALID:  {'MRR': 0.5775697380304337, 'hits@[1,3,10]': tensor([0.5099, 0.6165, 0.6984])}
Epoch: 141
Epoch: 142
Epoch: 143
Epoch: 144
Epoch: 145
	 TRAIN:  {'MRR': 0.9988444447517395, 'hits@[1,3,10]': tensor([0.9977, 0.9999, 1.0000])}
	 VALID:  {'MRR': 0.5770442187786102, 'hits@[1,3,10]': tensor([0.5089, 0.6166, 0.6987])}
Epoch: 146
Epoch: 147
Epoch: 148
Epoch: 149
Epoch: 150
	 TRAIN:  {'MRR': 0.9987345039844513, 'hits@[1,3,10]': tensor([0.9975, 0.9999, 0.9999])}
	 VALID:  {'MRR': 0.5776128321886063, 'hits@[1,3,10]': tensor([0.5099, 0.6170, 0.6989])}
Epoch: 151
Epoch: 152
Epoch: 153
Epoch: 154
Epoch: 155
	 TRAIN:  {'MRR': 0.9985320568084717, 'hits@[1,3,10]': tensor([0.9971, 0.9999, 1.0000])}
	 VALID:  {'MRR': 0.5769304931163788, 'hits@[1,3,10]': tensor([0.5086, 0.6160, 0.6981])}
Epoch: 156
Epoch: 157
Epoch: 158
Epoch: 159
Epoch: 160
	 TRAIN:  {'MRR': 0.9987141489982605, 'hits@[1,3,10]': tensor([0.9974, 1.0000, 1.0000])}
	 VALID:  {'MRR': 0.577747642993927, 'hits@[1,3,10]': tensor([0.5103, 0.6165, 0.6986])}
Epoch: 161
Epoch: 162
Epoch: 163
Epoch: 164
Epoch: 165
	 TRAIN:  {'MRR': 0.9987599849700928, 'hits@[1,3,10]': tensor([0.9975, 1.0000, 1.0000])}
	 VALID:  {'MRR': 0.5777026414871216, 'hits@[1,3,10]': tensor([0.5104, 0.6162, 0.6989])}
Epoch: 166
Epoch: 167
Epoch: 168
Epoch: 169
Epoch: 170
	 TRAIN:  {'MRR': 0.9989627301692963, 'hits@[1,3,10]': tensor([0.9979, 1.0000, 1.0000])}
	 VALID:  {'MRR': 0.5767610669136047, 'hits@[1,3,10]': tensor([0.5086, 0.6152, 0.6987])}
Epoch: 171
Epoch: 172
Epoch: 173
Epoch: 174
Epoch: 175
	 TRAIN:  {'MRR': 0.9987428784370422, 'hits@[1,3,10]': tensor([0.9975, 1.0000, 1.0000])}
	 VALID:  {'MRR': 0.5767791420221329, 'hits@[1,3,10]': tensor([0.5086, 0.6154, 0.6984])}
Epoch: 176
Epoch: 177
Epoch: 178
Epoch: 179
Epoch: 180
	 TRAIN:  {'MRR': 0.9990292191505432, 'hits@[1,3,10]': tensor([0.9981, 0.9999, 0.9999])}
	 VALID:  {'MRR': 0.5771047025918961, 'hits@[1,3,10]': tensor([0.5090, 0.6147, 0.6989])}
Epoch: 181
Epoch: 182
Epoch: 183
Epoch: 184
Epoch: 185
	 TRAIN:  {'MRR': 0.9989787936210632, 'hits@[1,3,10]': tensor([0.9980, 0.9999, 1.0000])}
	 VALID:  {'MRR': 0.577219158411026, 'hits@[1,3,10]': tensor([0.5093, 0.6156, 0.6994])}
Epoch: 186
Epoch: 187
Epoch: 188
Epoch: 189
Epoch: 190
	 TRAIN:  {'MRR': 0.9987899959087372, 'hits@[1,3,10]': tensor([0.9976, 1.0000, 1.0000])}
	 VALID:  {'MRR': 0.5770034343004227, 'hits@[1,3,10]': tensor([0.5096, 0.6160, 0.6994])}
Epoch: 191
Epoch: 192
Epoch: 193
Epoch: 194
Epoch: 195
	 TRAIN:  {'MRR': 0.9989431500434875, 'hits@[1,3,10]': tensor([0.9979, 1.0000, 1.0000])}
	 VALID:  {'MRR': 0.5777022540569305, 'hits@[1,3,10]': tensor([0.5101, 0.6164, 0.6996])}
Epoch: 196
Epoch: 197
Epoch: 198
Epoch: 199
Epoch: 200
	 TRAIN:  {'MRR': 0.9990110099315643, 'hits@[1,3,10]': tensor([0.9980, 1.0000, 1.0000])}
	 VALID:  {'MRR': 0.5781036168336868, 'hits@[1,3,10]': tensor([0.5106, 0.6172, 0.6997])}
	 TEST :  {'MRR': 0.5788010358810425, 'hits@[1,3,10]': tensor([0.5102, 0.6192, 0.7049])}
